<?xml version="1.0" encoding="UTF-8"?>
<testsuite xmlns:xsi="http://www.w3.org/2001/XMLSchema-instance" xsi:noNamespaceSchemaLocation="https://maven.apache.org/surefire/maven-surefire-plugin/xsd/surefire-test-report.xsd" name="com.pcwk.ehr.JUserServiceTest" time="1.876" tests="4" errors="0" skipped="3" failures="0">
  <properties>
    <property name="sun.desktop" value="windows"/>
    <property name="awt.toolkit" value="sun.awt.windows.WToolkit"/>
    <property name="file.encoding.pkg" value="sun.io"/>
    <property name="java.specification.version" value="1.8"/>
    <property name="sun.cpu.isalist" value="amd64"/>
    <property name="sun.jnu.encoding" value="MS949"/>
    <property name="java.class.path" value="C:\DCOM_0725\06_Spring\WorkSpace\S_SH08_02\target\test-classes;C:\DCOM_0725\06_Spring\WorkSpace\S_SH08_02\target\classes;C:\DCOM_0725\06_Spring\repository\javax\mail\mail\1.4.7\mail-1.4.7.jar;C:\DCOM_0725\06_Spring\repository\javax\activation\activation\1.1\activation-1.1.jar;C:\DCOM_0725\06_Spring\repository\org\springframework\spring-context-support\5.3.20\spring-context-support-5.3.20.jar;C:\DCOM_0725\06_Spring\repository\org\springframework\spring-beans\5.3.20\spring-beans-5.3.20.jar;C:\DCOM_0725\06_Spring\repository\org\springframework\spring-core\5.3.20\spring-core-5.3.20.jar;C:\DCOM_0725\06_Spring\repository\org\springframework\spring-jcl\5.3.20\spring-jcl-5.3.20.jar;C:\DCOM_0725\06_Spring\repository\org\springframework\spring-test\5.3.20\spring-test-5.3.20.jar;C:\DCOM_0725\06_Spring\repository\org\springframework\spring-jdbc\5.3.20\spring-jdbc-5.3.20.jar;C:\DCOM_0725\06_Spring\repository\org\springframework\spring-tx\5.3.20\spring-tx-5.3.20.jar;C:\DCOM_0725\06_Spring\repository\org\springframework\spring-context\5.3.20\spring-context-5.3.20.jar;C:\DCOM_0725\06_Spring\repository\org\springframework\spring-aop\5.3.20\spring-aop-5.3.20.jar;C:\DCOM_0725\06_Spring\repository\org\springframework\spring-expression\5.3.20\spring-expression-5.3.20.jar;C:\DCOM_0725\06_Spring\repository\org\apache\logging\log4j\log4j-core\2.17.2\log4j-core-2.17.2.jar;C:\DCOM_0725\06_Spring\repository\org\apache\logging\log4j\log4j-api\2.17.2\log4j-api-2.17.2.jar;C:\DCOM_0725\06_Spring\repository\com\oracle\database\jdbc\ojdbc8\21.1.0.0\ojdbc8-21.1.0.0.jar;C:\DCOM_0725\06_Spring\repository\junit\junit\4.13.1\junit-4.13.1.jar;C:\DCOM_0725\06_Spring\repository\org\hamcrest\hamcrest-core\1.3\hamcrest-core-1.3.jar;"/>
    <property name="java.vm.vendor" value="Oracle Corporation"/>
    <property name="sun.arch.data.model" value="64"/>
    <property name="user.variant" value=""/>
    <property name="java.vendor.url" value="http://java.oracle.com/"/>
    <property name="user.timezone" value="Asia/Seoul"/>
    <property name="java.vm.specification.version" value="1.8"/>
    <property name="os.name" value="Windows 10"/>
    <property name="user.country" value="KR"/>
    <property name="sun.java.launcher" value="SUN_STANDARD"/>
    <property name="sun.boot.library.path" value="C:\Program Files\Java\jdk1.8.0_281\jre\bin"/>
    <property name="sun.java.command" value="C:\Users\ITSC\AppData\Local\Temp\surefire7897542563315245673\surefirebooter9194129762169223447.jar C:\Users\ITSC\AppData\Local\Temp\surefire7897542563315245673 2022-11-17T10-27-56_823-jvmRun1 surefire9144533395923607399tmp surefire_06669969204634056178tmp"/>
    <property name="surefire.test.class.path" value="C:\DCOM_0725\06_Spring\WorkSpace\S_SH08_02\target\test-classes;C:\DCOM_0725\06_Spring\WorkSpace\S_SH08_02\target\classes;C:\DCOM_0725\06_Spring\repository\javax\mail\mail\1.4.7\mail-1.4.7.jar;C:\DCOM_0725\06_Spring\repository\javax\activation\activation\1.1\activation-1.1.jar;C:\DCOM_0725\06_Spring\repository\org\springframework\spring-context-support\5.3.20\spring-context-support-5.3.20.jar;C:\DCOM_0725\06_Spring\repository\org\springframework\spring-beans\5.3.20\spring-beans-5.3.20.jar;C:\DCOM_0725\06_Spring\repository\org\springframework\spring-core\5.3.20\spring-core-5.3.20.jar;C:\DCOM_0725\06_Spring\repository\org\springframework\spring-jcl\5.3.20\spring-jcl-5.3.20.jar;C:\DCOM_0725\06_Spring\repository\org\springframework\spring-test\5.3.20\spring-test-5.3.20.jar;C:\DCOM_0725\06_Spring\repository\org\springframework\spring-jdbc\5.3.20\spring-jdbc-5.3.20.jar;C:\DCOM_0725\06_Spring\repository\org\springframework\spring-tx\5.3.20\spring-tx-5.3.20.jar;C:\DCOM_0725\06_Spring\repository\org\springframework\spring-context\5.3.20\spring-context-5.3.20.jar;C:\DCOM_0725\06_Spring\repository\org\springframework\spring-aop\5.3.20\spring-aop-5.3.20.jar;C:\DCOM_0725\06_Spring\repository\org\springframework\spring-expression\5.3.20\spring-expression-5.3.20.jar;C:\DCOM_0725\06_Spring\repository\org\apache\logging\log4j\log4j-core\2.17.2\log4j-core-2.17.2.jar;C:\DCOM_0725\06_Spring\repository\org\apache\logging\log4j\log4j-api\2.17.2\log4j-api-2.17.2.jar;C:\DCOM_0725\06_Spring\repository\com\oracle\database\jdbc\ojdbc8\21.1.0.0\ojdbc8-21.1.0.0.jar;C:\DCOM_0725\06_Spring\repository\junit\junit\4.13.1\junit-4.13.1.jar;C:\DCOM_0725\06_Spring\repository\org\hamcrest\hamcrest-core\1.3\hamcrest-core-1.3.jar;"/>
    <property name="sun.cpu.endian" value="little"/>
    <property name="user.home" value="C:\Users\ITSC"/>
    <property name="user.language" value="ko"/>
    <property name="java.specification.vendor" value="Oracle Corporation"/>
    <property name="java.home" value="C:\Program Files\Java\jdk1.8.0_281\jre"/>
    <property name="basedir" value="C:\DCOM_0725\06_Spring\WorkSpace\S_SH08_02"/>
    <property name="style.color" value="always"/>
    <property name="file.separator" value="\"/>
    <property name="line.separator" value="&#10;"/>
    <property name="java.vm.specification.vendor" value="Oracle Corporation"/>
    <property name="java.specification.name" value="Java Platform API Specification"/>
    <property name="java.awt.graphicsenv" value="sun.awt.Win32GraphicsEnvironment"/>
    <property name="surefire.real.class.path" value="C:\Users\ITSC\AppData\Local\Temp\surefire7897542563315245673\surefirebooter9194129762169223447.jar"/>
    <property name="sun.boot.class.path" value="C:\Program Files\Java\jdk1.8.0_281\jre\lib\resources.jar;C:\Program Files\Java\jdk1.8.0_281\jre\lib\rt.jar;C:\Program Files\Java\jdk1.8.0_281\jre\lib\sunrsasign.jar;C:\Program Files\Java\jdk1.8.0_281\jre\lib\jsse.jar;C:\Program Files\Java\jdk1.8.0_281\jre\lib\jce.jar;C:\Program Files\Java\jdk1.8.0_281\jre\lib\charsets.jar;C:\Program Files\Java\jdk1.8.0_281\jre\lib\jfr.jar;C:\Program Files\Java\jdk1.8.0_281\jre\classes"/>
    <property name="user.script" value=""/>
    <property name="sun.management.compiler" value="HotSpot 64-Bit Tiered Compilers"/>
    <property name="java.runtime.version" value="1.8.0_281-b09"/>
    <property name="user.name" value="ITSC"/>
    <property name="path.separator" value=";"/>
    <property name="os.version" value="10.0"/>
    <property name="java.endorsed.dirs" value="C:\Program Files\Java\jdk1.8.0_281\jre\lib\endorsed"/>
    <property name="java.runtime.name" value="Java(TM) SE Runtime Environment"/>
    <property name="file.encoding" value="MS949"/>
    <property name="java.vm.name" value="Java HotSpot(TM) 64-Bit Server VM"/>
    <property name="localRepository" value="C:\DCOM_0725\06_Spring\repository"/>
    <property name="java.vendor.url.bug" value="http://bugreport.sun.com/bugreport/"/>
    <property name="java.io.tmpdir" value="C:\Users\ITSC\AppData\Local\Temp\"/>
    <property name="java.version" value="1.8.0_281"/>
    <property name="user.dir" value="C:\DCOM_0725\06_Spring\WorkSpace\S_SH08_02"/>
    <property name="os.arch" value="amd64"/>
    <property name="java.vm.specification.name" value="Java Virtual Machine Specification"/>
    <property name="java.awt.printerjob" value="sun.awt.windows.WPrinterJob"/>
    <property name="sun.os.patch.level" value=""/>
    <property name="java.library.path" value="C:\Program Files\Java\jdk1.8.0_281\jre\bin;C:\WINDOWS\Sun\Java\bin;C:\WINDOWS\system32;C:\WINDOWS;C:/Program Files/Java/jdk1.8.0_281/bin/../jre/bin/server;C:/Program Files/Java/jdk1.8.0_281/bin/../jre/bin;C:/Program Files/Java/jdk1.8.0_281/bin/../jre/lib/amd64;C:\app\ITSC\product\21c\dbhomeXE\bin;C:\WINDOWS\system32;C:\WINDOWS;C:\WINDOWS\System32\Wbem;C:\WINDOWS\System32\WindowsPowerShell\v1.0\;C:\WINDOWS\System32\OpenSSH\;C:\Program Files\nodejs\;C:\Program Files\Git\cmd;C:\Users\ITSC\AppData\Local\Microsoft\WindowsApps;C:\Program Files\Bandizip\;C:\Program Files\Java\jdk1.8.0_281\bin;C:\Users\ITSC\AppData\Roaming\npm;C:\Users\ITSC\AppData\Local\Programs\Fiddler;C:\apache-maven-3.8.6\bin;;C:\DCOM_0725\06_Spring\App\sts-bundle\sts-3.9.13.RELEASE;;."/>
    <property name="java.vm.info" value="mixed mode"/>
    <property name="java.vendor" value="Oracle Corporation"/>
    <property name="java.vm.version" value="25.281-b09"/>
    <property name="java.ext.dirs" value="C:\Program Files\Java\jdk1.8.0_281\jre\lib\ext;C:\WINDOWS\Sun\Java\lib\ext"/>
    <property name="sun.io.unicode.encoding" value="UnicodeLittle"/>
    <property name="java.class.version" value="52.0"/>
  </properties>
  <testcase name="add" classname="com.pcwk.ehr.JUserServiceTest" time="0">
    <skipped/>
    <system-out><![CDATA[[2022-11-17 10:27:57.698] INFO  AbstractTestContextBootstrapper.getDefaultTestExecutionListenerClassNames(AbstractTestContextBootstrapper.java:245) - Loaded default TestExecutionListener class names from location [META-INF/spring.factories]: [org.springframework.test.context.web.ServletTestExecutionListener, org.springframework.test.context.support.DirtiesContextBeforeModesTestExecutionListener, org.springframework.test.context.event.ApplicationEventsTestExecutionListener, org.springframework.test.context.support.DependencyInjectionTestExecutionListener, org.springframework.test.context.support.DirtiesContextTestExecutionListener, org.springframework.test.context.transaction.TransactionalTestExecutionListener, org.springframework.test.context.jdbc.SqlScriptsTestExecutionListener, org.springframework.test.context.event.EventPublishingTestExecutionListener]
[2022-11-17 10:27:57.710] INFO  AbstractTestContextBootstrapper.getTestExecutionListeners(AbstractTestContextBootstrapper.java:174) - Using TestExecutionListeners: [org.springframework.test.context.support.DirtiesContextBeforeModesTestExecutionListener@2cdd0d4b, org.springframework.test.context.event.ApplicationEventsTestExecutionListener@7e9131d5, org.springframework.test.context.support.DependencyInjectionTestExecutionListener@2e1d27ba, org.springframework.test.context.support.DirtiesContextTestExecutionListener@61d6015a, org.springframework.test.context.transaction.TransactionalTestExecutionListener@2525ff7e, org.springframework.test.context.jdbc.SqlScriptsTestExecutionListener@524d6d96, org.springframework.test.context.event.EventPublishingTestExecutionListener@152aa092]
]]></system-out>
  </testcase>
  <testcase name="allOrNothing" classname="com.pcwk.ehr.JUserServiceTest" time="1.128"/>
  <testcase name="beans" classname="com.pcwk.ehr.JUserServiceTest" time="0">
    <skipped/>
  </testcase>
  <testcase name="upgradeLevels" classname="com.pcwk.ehr.JUserServiceTest" time="0">
    <skipped/>
  </testcase>
</testsuite>